14-05-2023 00:36:44,%f INFO STARTED TIME: 00:36:44 14/05/2023
14-05-2023 00:36:47,%f INFO [INSERTED] Inserted 0010 Products to Category ID 24382
14-05-2023 00:36:49,%f INFO [INSERTED] Inserted 0003 Products to Category ID 24384
14-05-2023 00:36:53,%f INFO [INSERTED] Inserted 0008 Products to Category ID 24386
14-05-2023 00:36:54,%f INFO [INSERTED] Inserted 0003 Products to Category ID 24388
14-05-2023 00:37:55,%f INFO [INSERTED] Inserted 0112 Products to Category ID 11316
14-05-2023 00:38:16,%f INFO [INSERTED] Inserted 0060 Products to Category ID 11317
14-05-2023 00:38:17,%f INFO [INSERTED] Inserted 0001 Products to Category ID 11318
14-05-2023 00:40:10,%f INFO [INSERTED] Inserted 0219 Products to Category ID 24390
14-05-2023 00:40:11,%f INFO [INSERTED] Inserted 0002 Products to Category ID 24392
14-05-2023 00:40:11,%f INFO [INSERTED] Inserted 0001 Products to Category ID 24394
14-05-2023 00:41:00,%f INFO [INSERTED] Inserted 0081 Products to Category ID 13342
14-05-2023 00:42:13,%f INFO [INSERTED] Inserted 0144 Products to Category ID 13344
14-05-2023 00:43:13,%f INFO [INSERTED] Inserted 0122 Products to Category ID 13346
14-05-2023 00:44:12,%f INFO [INSERTED] Inserted 0127 Products to Category ID 13350
14-05-2023 00:46:05,%f INFO [INSERTED] Inserted 0217 Products to Category ID 13352
14-05-2023 00:47:20,%f INFO [INSERTED] Inserted 0151 Products to Category ID 13354
14-05-2023 00:48:17,%f INFO [INSERTED] Inserted 0120 Products to Category ID 13356
14-05-2023 00:48:50,%f INFO [INSERTED] Inserted 0046 Products to Category ID 24378
14-05-2023 00:49:22,%f INFO [INSERTED] Inserted 0084 Products to Category ID 24380
14-05-2023 00:50:22,%f INFO [INSERTED] Inserted 0119 Products to Category ID 11323
14-05-2023 00:51:00,%f INFO [INSERTED] Inserted 0066 Products to Category ID 11325
14-05-2023 00:51:02,%f INFO [INSERTED] Inserted 0004 Products to Category ID 13362
14-05-2023 00:51:11,%f INFO [INSERTED] Inserted 0023 Products to Category ID 13366
14-05-2023 00:52:51,%f INFO [INSERTED] Inserted 0172 Products to Category ID 24396
14-05-2023 00:53:15,%f INFO [INSERTED] Inserted 0062 Products to Category ID 24398
14-05-2023 00:53:19,%f INFO [INSERTED] Inserted 0009 Products to Category ID 24400
14-05-2023 00:54:04,%f INFO [INSERTED] Inserted 0072 Products to Category ID 13368
14-05-2023 00:55:08,%f INFO [INSERTED] Inserted 0138 Products to Category ID 13370
14-05-2023 00:55:20,%f INFO [INSERTED] Inserted 0032 Products to Category ID 11328
14-05-2023 00:55:52,%f INFO [INSERTED] Inserted 0042 Products to Category ID 11329
14-05-2023 00:56:05,%f INFO [INSERTED] Inserted 0035 Products to Category ID 11330
14-05-2023 00:56:06,%f INFO [INSERTED] Inserted 0002 Products to Category ID 11331
14-05-2023 01:02:59,%f INFO [INSERTED] Inserted 0819 Products to Category ID 12744
14-05-2023 01:03:06,%f INFO [INSERTED] Inserted 0018 Products to Category ID 12746
14-05-2023 01:04:13,%f INFO [INSERTED] Inserted 0141 Products to Category ID 13374
14-05-2023 01:04:45,%f INFO [INSERTED] Inserted 0038 Products to Category ID 13376
14-05-2023 01:04:58,%f INFO [INSERTED] Inserted 0032 Products to Category ID 13378
14-05-2023 01:05:07,%f INFO [INSERTED] Inserted 0023 Products to Category ID 13380
14-05-2023 01:05:58,%f INFO [INSERTED] Inserted 0091 Products to Category ID 13382
14-05-2023 01:10:27,%f INFO [INSERTED] Inserted 0557 Products to Category ID 13384
14-05-2023 01:11:24,%f INFO [INSERTED] Inserted 0107 Products to Category ID 13386
14-05-2023 01:12:26,%f INFO [INSERTED] Inserted 0123 Products to Category ID 13388
14-05-2023 01:12:30,%f INFO [INSERTED] Inserted 0009 Products to Category ID 11333
14-05-2023 01:25:22,%f INFO [INSERTED] Inserted 1523 Products to Category ID 11334
14-05-2023 01:26:11,%f INFO [INSERTED] Inserted 0100 Products to Category ID 46516
14-05-2023 01:26:12,%f INFO [INSERTED] Inserted 0002 Products to Category ID 1588
14-05-2023 01:26:16,%f INFO [INSERTED] Inserted 0011 Products to Category ID 11727
14-05-2023 01:43:08,%f INFO [INSERTED] Inserted 2000 Products to Category ID 1583
14-05-2023 02:00:04,%f INFO [INSERTED] Inserted 2000 Products to Category ID 1601
14-05-2023 02:16:55,%f INFO [INSERTED] Inserted 2000 Products to Category ID 17170
14-05-2023 02:19:57,%f INFO [INSERTED] Inserted 0353 Products to Category ID 17174
14-05-2023 02:30:10,%f INFO [INSERTED] Inserted 1223 Products to Category ID 2347
14-05-2023 02:40:00,%f INFO [INSERTED] Inserted 1159 Products to Category ID 3422
14-05-2023 02:43:54,%f INFO [INSERTED] Inserted 0464 Products to Category ID 3424
14-05-2023 02:54:48,%f INFO [INSERTED] Inserted 1290 Products to Category ID 3426
14-05-2023 02:54:48,%f INFO [INSERTED] Inserted 0001 Products to Category ID 11667
14-05-2023 02:54:49,%f INFO [INSERTED] Inserted 0002 Products to Category ID 11673
14-05-2023 02:54:52,%f INFO [INSERTED] Inserted 0005 Products to Category ID 11695
14-05-2023 02:57:25,%f INFO [INSERTED] Inserted 0323 Products to Category ID 5872
14-05-2023 03:00:46,%f INFO [INSERTED] Inserted 0372 Products to Category ID 5893
14-05-2023 03:05:13,%f INFO [INSERTED] Inserted 0548 Products to Category ID 8206
14-05-2023 03:15:55,%f INFO [INSERTED] Inserted 1249 Products to Category ID 8227
14-05-2023 03:16:27,%f INFO [INSERTED] Inserted 0091 Products to Category ID 11759
14-05-2023 03:17:55,%f INFO [INSERTED] Inserted 0150 Products to Category ID 11767
14-05-2023 03:17:56,%f INFO [INSERTED] Inserted 0002 Products to Category ID 11769
14-05-2023 03:19:14,%f INFO [INSERTED] Inserted 0166 Products to Category ID 1596
14-05-2023 03:19:15,%f INFO [INSERTED] Inserted 0001 Products to Category ID 11771
14-05-2023 03:19:30,%f INFO [INSERTED] Inserted 0036 Products to Category ID 1600
14-05-2023 03:20:11,%f INFO [INSERTED] Inserted 0086 Products to Category ID 1604
14-05-2023 03:21:04,%f INFO [INSERTED] Inserted 0084 Products to Category ID 1640
14-05-2023 03:21:57,%f INFO [INSERTED] Inserted 0099 Products to Category ID 2346
14-05-2023 03:22:09,%f INFO [INSERTED] Inserted 0034 Products to Category ID 8188
14-05-2023 03:22:14,%f INFO [INSERTED] Inserted 0010 Products to Category ID 11779
14-05-2023 03:23:08,%f INFO [INSERTED] Inserted 0110 Products to Category ID 1605
14-05-2023 03:24:56,%f INFO [INSERTED] Inserted 0202 Products to Category ID 1607
14-05-2023 03:26:05,%f INFO [INSERTED] Inserted 0134 Products to Category ID 1608
14-05-2023 03:27:21,%f INFO [INSERTED] Inserted 0168 Products to Category ID 1641
14-05-2023 03:27:21,%f INFO [INSERTED] Inserted 0001 Products to Category ID 8191
14-05-2023 03:27:22,%f ERROR Traceback (most recent call last):
  File "/home/ngkhachuy/PROJECT/DEC_PJ4_TIKI.VN/get_product_API.py", line 140, in <module>
    mycol.insert_many(LIST_PRODUCT)
  File "/home/ngkhachuy/anaconda3/lib/python3.9/site-packages/pymongo/_csot.py", line 105, in csot_wrapper
    return func(self, *args, **kwargs)
  File "/home/ngkhachuy/anaconda3/lib/python3.9/site-packages/pymongo/collection.py", line 698, in insert_many
    raise TypeError("documents must be a non-empty list")
TypeError: documents must be a non-empty list

14-05-2023 03:27:22,%f ERROR ERROR AT CATEGORY: 11795
14-05-2023 03:27:22,%f ERROR ERROR AT PRODUCT: 132814596
14-05-2023 03:27:22,%f INFO STARTED TIME  : 00:36:44 14/05/2023
14-05-2023 03:27:22,%f INFO FINISHED TIME : 03:27:22 14/05/2023
14-05-2023 03:27:22,%f INFO EXECUTION TINE: 2:50:38.289267
14-05-2023 03:27:22,%f INFO NUMBER OF REQUEST HAD BEEN SENT: 20496
14-05-2023 06:32:21 INFO STARTED TIME: 06:32:21 14/05/2023
14-05-2023 06:32:21 INFO [INSERTED] Inserted 0000 Products to Category ID 11795
14-05-2023 06:32:25 INFO [INSERTED] Inserted 0009 Products to Category ID 11797
14-05-2023 06:32:46 INFO [INSERTED] Inserted 0055 Products to Category ID 11799
14-05-2023 06:35:53 INFO [INSERTED] Inserted 0388 Products to Category ID 1609
14-05-2023 06:35:59 INFO [INSERTED] Inserted 0014 Products to Category ID 1611
14-05-2023 06:38:38 INFO [INSERTED] Inserted 0304 Products to Category ID 1612
14-05-2023 06:38:47 INFO [INSERTED] Inserted 0024 Products to Category ID 1614
14-05-2023 06:41:12 INFO [INSERTED] Inserted 0271 Products to Category ID 17184
14-05-2023 06:43:25 INFO [INSERTED] Inserted 0265 Products to Category ID 8192
14-05-2023 06:48:32 INFO [INSERTED] Inserted 0607 Products to Category ID 8189
14-05-2023 06:51:31 INFO [INSERTED] Inserted 0361 Products to Category ID 8190
14-05-2023 07:08:26 INFO [INSERTED] Inserted 2000 Products to Category ID 8193
14-05-2023 07:13:42 INFO [INSERTED] Inserted 0643 Products to Category ID 8194
14-05-2023 07:16:21 INFO [INSERTED] Inserted 0301 Products to Category ID 8196
14-05-2023 07:23:31 INFO [INSERTED] Inserted 0857 Products to Category ID 8197
14-05-2023 07:31:18 INFO [INSERTED] Inserted 0911 Products to Category ID 8198
14-05-2023 07:31:26 INFO [INSERTED] Inserted 0020 Products to Category ID 8228
14-05-2023 07:31:46 INFO [INSERTED] Inserted 0050 Products to Category ID 11815
14-05-2023 07:33:35 INFO [INSERTED] Inserted 0220 Products to Category ID 11827
14-05-2023 07:34:23 INFO [INSERTED] Inserted 0072 Products to Category ID 11829
14-05-2023 07:34:44 INFO [INSERTED] Inserted 0054 Products to Category ID 17180
14-05-2023 07:39:18 INFO [INSERTED] Inserted 0539 Products to Category ID 1623
14-05-2023 07:41:25 INFO [INSERTED] Inserted 0247 Products to Category ID 7061
14-05-2023 07:43:34 INFO [INSERTED] Inserted 0264 Products to Category ID 11817
14-05-2023 07:44:29 INFO [INSERTED] Inserted 0103 Products to Category ID 11819
14-05-2023 07:47:40 INFO [INSERTED] Inserted 0382 Products to Category ID 11821
14-05-2023 07:47:47 INFO [INSERTED] Inserted 0017 Products to Category ID 11823
14-05-2023 07:49:32 INFO [INSERTED] Inserted 0200 Products to Category ID 11825
14-05-2023 07:49:49 INFO [INSERTED] Inserted 0047 Products to Category ID 17176
14-05-2023 07:50:20 INFO [INSERTED] Inserted 0041 Products to Category ID 17178
14-05-2023 07:50:23 INFO [INSERTED] Inserted 0006 Products to Category ID 17182
14-05-2023 08:02:25 INFO [INSERTED] Inserted 1434 Products to Category ID 1613
14-05-2023 08:07:27 INFO [INSERTED] Inserted 0604 Products to Category ID 1616
14-05-2023 08:15:40 INFO [INSERTED] Inserted 0985 Products to Category ID 8223
14-05-2023 08:16:40 INFO [INSERTED] Inserted 0115 Products to Category ID 11735
14-05-2023 08:16:50 INFO [INSERTED] Inserted 0028 Products to Category ID 11737
14-05-2023 08:17:49 INFO [INSERTED] Inserted 0118 Products to Category ID 11753
14-05-2023 08:19:13 INFO [INSERTED] Inserted 0138 Products to Category ID 11755
14-05-2023 08:19:23 INFO [INSERTED] Inserted 0024 Products to Category ID 10218
14-05-2023 08:19:26 INFO [INSERTED] Inserted 0007 Products to Category ID 10220
14-05-2023 08:19:38 INFO [INSERTED] Inserted 0030 Products to Category ID 10225
14-05-2023 08:20:32 INFO [INSERTED] Inserted 0096 Products to Category ID 17460
14-05-2023 08:20:53 INFO [INSERTED] Inserted 0061 Products to Category ID 11731
14-05-2023 08:22:58 INFO [INSERTED] Inserted 0244 Products to Category ID 4413
14-05-2023 08:26:33 INFO [INSERTED] Inserted 0394 Products to Category ID 8216
14-05-2023 08:31:17 INFO [INSERTED] Inserted 0578 Products to Category ID 8217
14-05-2023 08:31:28 INFO [INSERTED] Inserted 0026 Products to Category ID 11739
14-05-2023 08:34:36 INFO [INSERTED] Inserted 0379 Products to Category ID 11741
14-05-2023 08:34:41 INFO [INSERTED] Inserted 0011 Products to Category ID 11743
14-05-2023 08:34:53 INFO [INSERTED] Inserted 0031 Products to Category ID 17160
14-05-2023 08:35:57 INFO [INSERTED] Inserted 0127 Products to Category ID 11747
14-05-2023 08:40:49 INFO [INSERTED] Inserted 0575 Products to Category ID 17162
14-05-2023 08:44:42 INFO [INSERTED] Inserted 0450 Products to Category ID 8220
14-05-2023 08:44:46 INFO [INSERTED] Inserted 0008 Products to Category ID 8221
14-05-2023 08:45:49 INFO [INSERTED] Inserted 0136 Products to Category ID 3449
14-05-2023 08:48:27 INFO [INSERTED] Inserted 0294 Products to Category ID 5900
14-05-2023 08:48:31 INFO [INSERTED] Inserted 0011 Products to Category ID 11729
14-05-2023 09:05:24 INFO [INSERTED] Inserted 2000 Products to Category ID 13878
14-05-2023 09:05:33 INFO [INSERTED] Inserted 0022 Products to Category ID 1598
14-05-2023 09:06:32 INFO [INSERTED] Inserted 0119 Products to Category ID 2348
14-05-2023 09:06:37 INFO [INSERTED] Inserted 0010 Products to Category ID 11749
14-05-2023 09:06:42 INFO [INSERTED] Inserted 0010 Products to Category ID 11751
14-05-2023 09:08:42 INFO [INSERTED] Inserted 0232 Products to Category ID 8226
14-05-2023 09:08:45 INFO [INSERTED] Inserted 0008 Products to Category ID 8229
14-05-2023 09:14:42 INFO [INSERTED] Inserted 0712 Products to Category ID 8308
14-05-2023 09:19:24 INFO [INSERTED] Inserted 0535 Products to Category ID 8309
14-05-2023 09:20:51 INFO [INSERTED] Inserted 0191 Products to Category ID 10228
14-05-2023 09:26:17 INFO [INSERTED] Inserted 0637 Products to Category ID 11833
14-05-2023 09:30:18 INFO [INSERTED] Inserted 0464 Products to Category ID 11835
14-05-2023 09:30:33 INFO [INSERTED] Inserted 0043 Products to Category ID 11837
14-05-2023 09:33:18 INFO [INSERTED] Inserted 0324 Products to Category ID 1626
14-05-2023 09:36:26 INFO [INSERTED] Inserted 0371 Products to Category ID 1627
14-05-2023 09:37:40 INFO [INSERTED] Inserted 0159 Products to Category ID 1628
14-05-2023 09:38:48 INFO [INSERTED] Inserted 0139 Products to Category ID 53348
14-05-2023 09:44:23 INFO [INSERTED] Inserted 0644 Products to Category ID 17186
14-05-2023 09:44:42 INFO [INSERTED] Inserted 0051 Products to Category ID 1728
14-05-2023 09:50:37 INFO [INSERTED] Inserted 0702 Products to Category ID 1752
14-05-2023 09:51:27 INFO [INSERTED] Inserted 0081 Products to Category ID 4408
14-05-2023 09:51:33 INFO [INSERTED] Inserted 0016 Products to Category ID 8176
14-05-2023 09:56:49 INFO [INSERTED] Inserted 0646 Products to Category ID 8300
14-05-2023 10:07:43 INFO [INSERTED] Inserted 1280 Products to Category ID 1636
14-05-2023 10:13:20 INFO [INSERTED] Inserted 0655 Products to Category ID 1637
14-05-2023 10:15:24 INFO [INSERTED] Inserted 0246 Products to Category ID 11689
14-05-2023 10:19:36 INFO [INSERTED] Inserted 0515 Products to Category ID 11937
14-05-2023 10:22:03 INFO [INSERTED] Inserted 0286 Products to Category ID 11939
14-05-2023 10:25:32 INFO [INSERTED] Inserted 0414 Products to Category ID 11803
14-05-2023 10:25:35 INFO [INSERTED] Inserted 0007 Products to Category ID 11807
14-05-2023 10:25:36 INFO [INSERTED] Inserted 0002 Products to Category ID 11809
14-05-2023 10:25:37 INFO [INSERTED] Inserted 0001 Products to Category ID 11811
14-05-2023 10:30:44 INFO [INSERTED] Inserted 0593 Products to Category ID 8199
14-05-2023 10:30:53 INFO [INSERTED] Inserted 0023 Products to Category ID 8200
14-05-2023 10:40:36 INFO [INSERTED] Inserted 1126 Products to Category ID 8201
14-05-2023 10:50:04 INFO [INSERTED] Inserted 1134 Products to Category ID 8202
14-05-2023 10:50:17 INFO [INSERTED] Inserted 0005 Products to Category ID 8204
14-05-2023 11:06:52 INFO [INSERTED] Inserted 2000 Products to Category ID 8205
14-05-2023 11:23:45 INFO [INSERTED] Inserted 2000 Products to Category ID 1634
14-05-2023 11:29:47 INFO [INSERTED] Inserted 0719 Products to Category ID 5905
14-05-2023 11:35:19 INFO [INSERTED] Inserted 0632 Products to Category ID 11933
14-05-2023 11:51:24 INFO [INSERTED] Inserted 1914 Products to Category ID 11935
14-05-2023 11:56:18 INFO [INSERTED] Inserted 0577 Products to Category ID 8165
14-05-2023 11:58:23 INFO [INSERTED] Inserted 0259 Products to Category ID 11831
14-05-2023 12:02:49 ERROR Traceback (most recent call last):
  File "/home/ngkhachuy/anaconda3/lib/python3.9/site-packages/urllib3/response.py", line 761, in _update_chunk_length
    self.chunk_left = int(line, 16)
ValueError: invalid literal for int() with base 16: b''

During handling of the above exception, another exception occurred:

Traceback (most recent call last):
  File "/home/ngkhachuy/anaconda3/lib/python3.9/site-packages/urllib3/response.py", line 444, in _error_catcher
    yield
  File "/home/ngkhachuy/anaconda3/lib/python3.9/site-packages/urllib3/response.py", line 828, in read_chunked
    self._update_chunk_length()
  File "/home/ngkhachuy/anaconda3/lib/python3.9/site-packages/urllib3/response.py", line 765, in _update_chunk_length
    raise InvalidChunkLength(self, line)
urllib3.exceptions.InvalidChunkLength: InvalidChunkLength(got length b'', 0 bytes read)

During handling of the above exception, another exception occurred:

Traceback (most recent call last):
  File "/home/ngkhachuy/anaconda3/lib/python3.9/site-packages/requests/models.py", line 816, in generate
    yield from self.raw.stream(chunk_size, decode_content=True)
  File "/home/ngkhachuy/anaconda3/lib/python3.9/site-packages/urllib3/response.py", line 624, in stream
    for line in self.read_chunked(amt, decode_content=decode_content):
  File "/home/ngkhachuy/anaconda3/lib/python3.9/site-packages/urllib3/response.py", line 857, in read_chunked
    self._original_response.close()
  File "/home/ngkhachuy/anaconda3/lib/python3.9/contextlib.py", line 137, in __exit__
    self.gen.throw(typ, value, traceback)
  File "/home/ngkhachuy/anaconda3/lib/python3.9/site-packages/urllib3/response.py", line 461, in _error_catcher
    raise ProtocolError("Connection broken: %r" % e, e)
urllib3.exceptions.ProtocolError: ("Connection broken: InvalidChunkLength(got length b'', 0 bytes read)", InvalidChunkLength(got length b'', 0 bytes read))

During handling of the above exception, another exception occurred:

Traceback (most recent call last):
  File "/home/ngkhachuy/PROJECT/DEC_PJ4_TIKI.VN/get_product_API.py", line 85, in <module>
    prod_detail = COMMON.send_get_request(PRODUCT_DETAIL_API % p_id)
  File "/home/ngkhachuy/PROJECT/DEC_PJ4_TIKI.VN/COMMON.py", line 25, in send_get_request
    res_tmp = requests.get(url, headers={"user-agent":
  File "/home/ngkhachuy/anaconda3/lib/python3.9/site-packages/requests/api.py", line 73, in get
    return request("get", url, params=params, **kwargs)
  File "/home/ngkhachuy/anaconda3/lib/python3.9/site-packages/requests/api.py", line 59, in request
    return session.request(method=method, url=url, **kwargs)
  File "/home/ngkhachuy/anaconda3/lib/python3.9/site-packages/requests/sessions.py", line 587, in request
    resp = self.send(prep, **send_kwargs)
  File "/home/ngkhachuy/anaconda3/lib/python3.9/site-packages/requests/sessions.py", line 745, in send
    r.content
  File "/home/ngkhachuy/anaconda3/lib/python3.9/site-packages/requests/models.py", line 899, in content
    self._content = b"".join(self.iter_content(CONTENT_CHUNK_SIZE)) or b""
  File "/home/ngkhachuy/anaconda3/lib/python3.9/site-packages/requests/models.py", line 818, in generate
    raise ChunkedEncodingError(e)
requests.exceptions.ChunkedEncodingError: ("Connection broken: InvalidChunkLength(got length b'', 0 bytes read)", InvalidChunkLength(got length b'', 0 bytes read))

14-05-2023 12:02:49 ERROR ERROR AT CATEGORY: 11941
14-05-2023 12:02:49 ERROR ERROR AT PRODUCT: 192259873
14-05-2023 12:02:49 INFO STARTED TIME  : 06:32:21 14/05/2023
14-05-2023 12:02:49 INFO FINISHED TIME : 12:02:49 14/05/2023
14-05-2023 12:02:49 INFO EXECUTION TINE: 5:30:28.200138
14-05-2023 12:02:49 INFO NUMBER OF REQUEST HAD BEEN SENT: 39667
14-05-2023 12:27:04 INFO STARTED TIME: 12:27:04 14/05/2023
14-05-2023 12:35:29 INFO [INSERTED] Inserted 0975 Products to Category ID 11941
14-05-2023 12:39:47 INFO [INSERTED] Inserted 0555 Products to Category ID 11943
14-05-2023 12:51:26 INFO [INSERTED] Inserted 1369 Products to Category ID 2334
14-05-2023 13:06:16 INFO [INSERTED] Inserted 1760 Products to Category ID 7064
14-05-2023 13:23:10 INFO [INSERTED] Inserted 2000 Products to Category ID 8167
14-05-2023 13:24:07 ERROR Traceback (most recent call last):
  File "/home/ngkhachuy/PROJECT/DEC_PJ4_TIKI.VN/get_product_API.py", line 85, in <module>
    prod_detail = COMMON.send_get_request(PRODUCT_DETAIL_API % p_id)
  File "/home/ngkhachuy/PROJECT/DEC_PJ4_TIKI.VN/COMMON.py", line 34, in send_get_request
    return json.loads(res_tmp.decode('utf-8'))
  File "/home/ngkhachuy/anaconda3/lib/python3.9/json/__init__.py", line 346, in loads
    return _default_decoder.decode(s)
  File "/home/ngkhachuy/anaconda3/lib/python3.9/json/decoder.py", line 337, in decode
    obj, end = self.raw_decode(s, idx=_w(s, 0).end())
  File "/home/ngkhachuy/anaconda3/lib/python3.9/json/decoder.py", line 355, in raw_decode
    raise JSONDecodeError("Expecting value", s, err.value) from None
json.decoder.JSONDecodeError: Expecting value: line 2 column 1 (char 1)

14-05-2023 13:24:07 ERROR ERROR AT CATEGORY: 11905
14-05-2023 13:24:07 ERROR ERROR AT PRODUCT: 199098905
14-05-2023 13:24:07 INFO STARTED TIME  : 12:27:04 14/05/2023
14-05-2023 13:24:07 INFO FINISHED TIME : 13:24:07 14/05/2023
14-05-2023 13:24:07 INFO EXECUTION TINE: 0:57:02.600920
14-05-2023 13:24:07 INFO NUMBER OF REQUEST HAD BEEN SENT: 6834
14-05-2023 13:29:29 INFO STARTED TIME: 13:29:29 14/05/2023
14-05-2023 13:31:30 INFO [INSERTED] Inserted 0279 Products to Category ID 11905
14-05-2023 13:32:32 INFO [INSERTED] Inserted 0121 Products to Category ID 11907
14-05-2023 13:34:26 INFO [INSERTED] Inserted 0221 Products to Category ID 11911
14-05-2023 13:34:30 INFO [INSERTED] Inserted 0010 Products to Category ID 11915
14-05-2023 13:38:28 INFO [INSERTED] Inserted 0474 Products to Category ID 8168
14-05-2023 13:38:43 INFO [INSERTED] Inserted 0041 Products to Category ID 11921
14-05-2023 13:46:07 INFO STARTED TIME  : 13:29:29 14/05/2023
14-05-2023 13:46:07 INFO FINISHED TIME : 13:46:07 14/05/2023
14-05-2023 13:46:07 INFO EXECUTION TINE: 0:16:38.636343
14-05-2023 13:46:07 INFO NUMBER OF REQUEST HAD BEEN SENT: 2016
14-05-2023 13:57:07 INFO STARTED TIME: 13:57:07 14/05/2023
14-05-2023 14:04:17 INFO [INSERTED] Inserted 0853 Products to Category ID 11923
14-05-2023 14:05:48 INFO [INSERTED] Inserted 0201 Products to Category ID 11925
14-05-2023 14:06:27 INFO [INSERTED] Inserted 0079 Products to Category ID 11929
14-05-2023 14:07:37 INFO [INSERTED] Inserted 0124 Products to Category ID 11931
14-05-2023 14:08:35 INFO [INSERTED] Inserted 0132 Products to Category ID 1633
14-05-2023 14:08:41 INFO [INSERTED] Inserted 0017 Products to Category ID 2162
14-05-2023 14:25:38 INFO [INSERTED] Inserted 2000 Products to Category ID 2340
14-05-2023 14:33:26 INFO [INSERTED] Inserted 0917 Products to Category ID 2342
14-05-2023 17:19:34 INFO STARTED TIME: 17:19:34 14/05/2023
14-05-2023 17:29:55 INFO [INSERTED] Inserted 1239 Products to Category ID 8170
14-05-2023 17:34:16 INFO [INSERTED] Inserted 0530 Products to Category ID 8171
14-05-2023 17:44:16 INFO [INSERTED] Inserted 1189 Products to Category ID 8172
14-05-2023 17:57:06 INFO [INSERTED] Inserted 1514 Products to Category ID 8305
14-05-2023 17:57:49 INFO [INSERTED] Inserted 0069 Products to Category ID 11893
14-05-2023 17:57:50 INFO [INSERTED] Inserted 0003 Products to Category ID 11895
14-05-2023 18:00:02 INFO [INSERTED] Inserted 0266 Products to Category ID 11897
14-05-2023 18:00:42 INFO [INSERTED] Inserted 0073 Products to Category ID 11899
14-05-2023 18:01:07 INFO [INSERTED] Inserted 0063 Products to Category ID 11901
14-05-2023 18:10:21 INFO [INSERTED] Inserted 1105 Products to Category ID 11857
14-05-2023 18:16:47 INFO [INSERTED] Inserted 0745 Products to Category ID 11859
14-05-2023 18:21:20 INFO [INSERTED] Inserted 0561 Products to Category ID 11861
14-05-2023 18:22:50 INFO [INSERTED] Inserted 0149 Products to Category ID 11863
14-05-2023 18:24:15 INFO [INSERTED] Inserted 0198 Products to Category ID 11865
14-05-2023 18:25:38 INFO [INSERTED] Inserted 0141 Products to Category ID 11867
14-05-2023 18:32:46 INFO [INSERTED] Inserted 0848 Products to Category ID 11869
14-05-2023 18:35:10 INFO [INSERTED] Inserted 0305 Products to Category ID 11871
14-05-2023 21:32:02 INFO STARTED TIME  : 17:19:34 14/05/2023
14-05-2023 21:32:02 INFO FINISHED TIME : 21:32:02 14/05/2023
14-05-2023 21:32:02 INFO EXECUTION TINE: 4:12:28.228019
14-05-2023 21:32:02 INFO NUMBER OF REQUEST HAD BEEN SENT: 9904
14-05-2023 21:32:52 INFO STARTED TIME: 21:32:52 14/05/2023
14-05-2023 21:40:59 INFO [INSERTED] Inserted 0962 Products to Category ID 11873
14-05-2023 21:45:23 INFO [INSERTED] Inserted 0521 Products to Category ID 11875
14-05-2023 21:47:28 INFO [INSERTED] Inserted 0262 Products to Category ID 11877
14-05-2023 21:51:14 INFO [INSERTED] Inserted 0442 Products to Category ID 11879
14-05-2023 21:54:23 INFO [INSERTED] Inserted 0384 Products to Category ID 11881
14-05-2023 22:00:08 INFO [INSERTED] Inserted 0679 Products to Category ID 11845
14-05-2023 22:02:54 INFO [INSERTED] Inserted 0318 Products to Category ID 11847
14-05-2023 22:04:25 INFO [INSERTED] Inserted 0185 Products to Category ID 11849
14-05-2023 22:05:27 INFO [INSERTED] Inserted 0130 Products to Category ID 11851
14-05-2023 22:06:12 INFO [INSERTED] Inserted 0062 Products to Category ID 11853
14-05-2023 22:06:25 INFO [INSERTED] Inserted 0032 Products to Category ID 11855
14-05-2023 22:11:59 INFO [INSERTED] Inserted 0654 Products to Category ID 11883
14-05-2023 22:17:31 INFO [INSERTED] Inserted 0685 Products to Category ID 11885
14-05-2023 22:18:28 INFO [INSERTED] Inserted 0122 Products to Category ID 11887
14-05-2023 22:20:16 INFO [INSERTED] Inserted 0204 Products to Category ID 11889
14-05-2023 22:22:14 INFO [INSERTED] Inserted 0230 Products to Category ID 11868
14-05-2023 22:28:29 INFO [INSERTED] Inserted 0745 Products to Category ID 8224
14-05-2023 22:42:23 INFO [INSERTED] Inserted 1639 Products to Category ID 8225
14-05-2023 22:59:11 INFO [INSERTED] Inserted 2000 Products to Category ID 8602
14-05-2023 22:59:12 INFO [INSERTED] Inserted 0001 Products to Category ID 5874
14-05-2023 23:11:14 INFO [INSERTED] Inserted 1419 Products to Category ID 1630
14-05-2023 23:13:33 INFO [INSERTED] Inserted 0284 Products to Category ID 1631
14-05-2023 23:13:35 INFO [INSERTED] Inserted 0006 Products to Category ID 8161
14-05-2023 23:22:19 INFO [INSERTED] Inserted 1008 Products to Category ID 49630
14-05-2023 23:39:07 INFO [INSERTED] Inserted 2000 Products to Category ID 49632
14-05-2023 23:56:04 INFO [INSERTED] Inserted 2000 Products to Category ID 49620
15-05-2023 00:02:28 INFO [INSERTED] Inserted 0775 Products to Category ID 49622
15-05-2023 00:05:24 INFO [INSERTED] Inserted 0343 Products to Category ID 49624
15-05-2023 00:22:22 INFO [INSERTED] Inserted 2000 Products to Category ID 49626
15-05-2023 00:23:33 ERROR Traceback (most recent call last):
  File "/home/ngkhachuy/anaconda3/lib/python3.9/site-packages/urllib3/response.py", line 761, in _update_chunk_length
    self.chunk_left = int(line, 16)
ValueError: invalid literal for int() with base 16: b''

During handling of the above exception, another exception occurred:

Traceback (most recent call last):
  File "/home/ngkhachuy/anaconda3/lib/python3.9/site-packages/urllib3/response.py", line 444, in _error_catcher
    yield
  File "/home/ngkhachuy/anaconda3/lib/python3.9/site-packages/urllib3/response.py", line 828, in read_chunked
    self._update_chunk_length()
  File "/home/ngkhachuy/anaconda3/lib/python3.9/site-packages/urllib3/response.py", line 765, in _update_chunk_length
    raise InvalidChunkLength(self, line)
urllib3.exceptions.InvalidChunkLength: InvalidChunkLength(got length b'', 0 bytes read)

During handling of the above exception, another exception occurred:

Traceback (most recent call last):
  File "/home/ngkhachuy/anaconda3/lib/python3.9/site-packages/requests/models.py", line 816, in generate
    yield from self.raw.stream(chunk_size, decode_content=True)
  File "/home/ngkhachuy/anaconda3/lib/python3.9/site-packages/urllib3/response.py", line 624, in stream
    for line in self.read_chunked(amt, decode_content=decode_content):
  File "/home/ngkhachuy/anaconda3/lib/python3.9/site-packages/urllib3/response.py", line 857, in read_chunked
    self._original_response.close()
  File "/home/ngkhachuy/anaconda3/lib/python3.9/contextlib.py", line 137, in __exit__
    self.gen.throw(typ, value, traceback)
  File "/home/ngkhachuy/anaconda3/lib/python3.9/site-packages/urllib3/response.py", line 461, in _error_catcher
    raise ProtocolError("Connection broken: %r" % e, e)
urllib3.exceptions.ProtocolError: ("Connection broken: InvalidChunkLength(got length b'', 0 bytes read)", InvalidChunkLength(got length b'', 0 bytes read))

During handling of the above exception, another exception occurred:

Traceback (most recent call last):
  File "/home/ngkhachuy/PROJECT/DEC_PJ4_TIKI.VN/get_product_API.py", line 85, in <module>
    prod_detail = COMMON.send_get_request(PRODUCT_DETAIL_API % p_id)
  File "/home/ngkhachuy/PROJECT/DEC_PJ4_TIKI.VN/COMMON.py", line 25, in send_get_request
    res_tmp = requests.get(url, headers={"user-agent":
  File "/home/ngkhachuy/anaconda3/lib/python3.9/site-packages/requests/api.py", line 73, in get
    return request("get", url, params=params, **kwargs)
  File "/home/ngkhachuy/anaconda3/lib/python3.9/site-packages/requests/api.py", line 59, in request
    return session.request(method=method, url=url, **kwargs)
  File "/home/ngkhachuy/anaconda3/lib/python3.9/site-packages/requests/sessions.py", line 587, in request
    resp = self.send(prep, **send_kwargs)
  File "/home/ngkhachuy/anaconda3/lib/python3.9/site-packages/requests/sessions.py", line 745, in send
    r.content
  File "/home/ngkhachuy/anaconda3/lib/python3.9/site-packages/requests/models.py", line 899, in content
    self._content = b"".join(self.iter_content(CONTENT_CHUNK_SIZE)) or b""
  File "/home/ngkhachuy/anaconda3/lib/python3.9/site-packages/requests/models.py", line 818, in generate
    raise ChunkedEncodingError(e)
requests.exceptions.ChunkedEncodingError: ("Connection broken: InvalidChunkLength(got length b'', 0 bytes read)", InvalidChunkLength(got length b'', 0 bytes read))

15-05-2023 00:23:33 ERROR ERROR AT CATEGORY: 49628
15-05-2023 00:23:33 ERROR ERROR AT PRODUCT: 97951238
15-05-2023 00:23:33 INFO STARTED TIME  : 21:32:52 14/05/2023
15-05-2023 00:23:33 INFO FINISHED TIME : 00:23:33 15/05/2023
15-05-2023 00:23:33 INFO EXECUTION TINE: 2:50:41.429901
15-05-2023 00:23:33 INFO NUMBER OF REQUEST HAD BEEN SENT: 20453
15-05-2023 06:02:46 INFO STARTED TIME: 06:02:46 15/05/2023
15-05-2023 06:05:03 INFO [INSERTED] Inserted 0282 Products to Category ID 49628
15-05-2023 06:16:21 INFO [INSERTED] Inserted 1326 Products to Category ID 49634
15-05-2023 06:19:59 INFO [INSERTED] Inserted 0425 Products to Category ID 49636
15-05-2023 06:32:26 INFO [INSERTED] Inserted 1507 Products to Category ID 10383
15-05-2023 06:49:23 INFO [INSERTED] Inserted 2000 Products to Category ID 10384
15-05-2023 06:50:33 INFO [INSERTED] Inserted 0146 Products to Category ID 49638
15-05-2023 06:55:13 INFO [INSERTED] Inserted 0532 Products to Category ID 49640
15-05-2023 06:57:37 INFO [INSERTED] Inserted 0288 Products to Category ID 49642
15-05-2023 07:04:54 INFO [INSERTED] Inserted 0851 Products to Category ID 49644
15-05-2023 07:07:01 INFO [INSERTED] Inserted 0260 Products to Category ID 49646
15-05-2023 07:17:56 INFO [INSERTED] Inserted 1296 Products to Category ID 49648
15-05-2023 07:18:07 INFO STARTED TIME  : 06:02:46 15/05/2023
15-05-2023 07:18:07 INFO FINISHED TIME : 07:18:07 15/05/2023
15-05-2023 07:18:07 INFO EXECUTION TINE: 1:15:21.475749
15-05-2023 07:18:07 INFO NUMBER OF REQUEST HAD BEEN SENT: 9035
15-05-2023 08:16:19 INFO STARTED TIME: 08:16:19 15/05/2023
15-05-2023 08:17:36 INFO STARTED TIME  : 08:16:19 15/05/2023
15-05-2023 08:17:36 INFO FINISHED TIME : 08:17:36 15/05/2023
15-05-2023 08:17:36 INFO EXECUTION TINE: 0:01:17.535535
15-05-2023 08:17:36 INFO NUMBER OF REQUEST HAD BEEN SENT: 142
15-05-2023 08:19:35 INFO STARTED TIME: 08:19:35 15/05/2023
15-05-2023 08:21:11 ERROR Traceback (most recent call last):
  File "/home/ngkhachuy/PROJECT/DEC_PJ4_TIKI.VN/get_product_API.py", line 85, in <module>
    prod_detail = COMMON.send_get_request(PRODUCT_DETAIL_API % p_id)
  File "/home/ngkhachuy/PROJECT/DEC_PJ4_TIKI.VN/COMMON.py", line 33, in send_get_request
    print("----- Sleep %is -----" % 5 + count)
TypeError: can only concatenate str (not "int") to str

15-05-2023 08:21:11 ERROR ERROR AT CATEGORY: 1008
15-05-2023 08:21:11 ERROR ERROR AT PRODUCT: 194410214
15-05-2023 08:21:11 INFO STARTED TIME  : 08:19:35 15/05/2023
15-05-2023 08:21:11 INFO FINISHED TIME : 08:21:11 15/05/2023
15-05-2023 08:21:11 INFO EXECUTION TINE: 0:01:35.930164
15-05-2023 08:21:11 INFO NUMBER OF REQUEST HAD BEEN SENT: 228
15-05-2023 08:21:54 INFO STARTED TIME: 08:21:54 15/05/2023
15-05-2023 08:31:32 INFO [INSERTED] Inserted 1163 Products to Category ID 1008
15-05-2023 08:35:08 INFO [INSERTED] Inserted 0431 Products to Category ID 49564
15-05-2023 08:48:42 INFO [INSERTED] Inserted 1602 Products to Category ID 49566
15-05-2023 08:48:45 INFO STARTED TIME  : 08:21:54 15/05/2023
15-05-2023 08:48:45 INFO FINISHED TIME : 08:48:45 15/05/2023
15-05-2023 08:48:45 INFO EXECUTION TINE: 0:26:51.894665
15-05-2023 08:48:45 INFO NUMBER OF REQUEST HAD BEEN SENT: 3238
15-05-2023 08:55:10 INFO STARTED TIME: 08:55:10 15/05/2023
15-05-2023 08:55:50 INFO [INSERTED] Inserted 0100 Products to Category ID 49568
15-05-2023 08:59:53 INFO STARTED TIME  : 08:55:10 15/05/2023
15-05-2023 08:59:53 INFO FINISHED TIME : 08:59:53 15/05/2023
15-05-2023 08:59:53 INFO EXECUTION TINE: 0:04:43.303758
15-05-2023 08:59:53 INFO NUMBER OF REQUEST HAD BEEN SENT: 584
15-05-2023 09:02:20 INFO STARTED TIME: 09:02:20 15/05/2023
15-05-2023 09:19:03 INFO [INSERTED] Inserted 2000 Products to Category ID 49552
15-05-2023 09:20:02 INFO STARTED TIME  : 09:02:20 15/05/2023
15-05-2023 09:20:02 INFO FINISHED TIME : 09:20:02 15/05/2023
15-05-2023 09:20:02 INFO EXECUTION TINE: 0:17:42.028827
15-05-2023 09:20:02 INFO NUMBER OF REQUEST HAD BEEN SENT: 2141
15-05-2023 09:20:34 INFO STARTED TIME: 09:20:34 15/05/2023
15-05-2023 09:24:06 INFO STARTED TIME  : 09:20:34 15/05/2023
15-05-2023 09:24:06 INFO FINISHED TIME : 09:24:06 15/05/2023
15-05-2023 09:24:06 INFO EXECUTION TINE: 0:03:32.143576
15-05-2023 09:24:06 INFO NUMBER OF REQUEST HAD BEEN SENT: 460
15-05-2023 09:28:53 INFO STARTED TIME: 09:28:53 15/05/2023
15-05-2023 09:33:06 INFO [INSERTED] Inserted 0519 Products to Category ID 49554
